2024-07-19 16:32:31,394 - __main__ - INFO - Program Start
2024-07-19 16:32:55,405 - __main__ - INFO - Program Start
2024-07-19 16:33:24,085 - __main__ - INFO - Program Start
2024-07-24 15:59:19,317 - __main__ - INFO - Program Start
2024-07-24 15:59:44,978 - __main__ - INFO - Program Start
2024-07-24 16:02:15,463 - __main__ - INFO - Program Start
2024-07-24 16:42:37,443 - __main__ - INFO - Program Start
2024-07-26 17:21:05,409 - __main__ - INFO - Program Start
2024-07-26 17:24:52,008 - __main__ - INFO - Program Start
2024-07-26 17:26:37,518 - __main__ - INFO - Program Start
2024-07-26 17:28:28,207 - __main__ - INFO - Program Start
2024-07-26 17:31:09,500 - __main__ - INFO - Program Start
2024-07-26 17:33:37,651 - __main__ - INFO - Program Start
2024-07-26 17:34:11,721 - __main__ - INFO - Program Start
2024-07-26 17:39:38,101 - __main__ - INFO - Program Start
2024-07-26 17:42:16,877 - __main__ - INFO - Program Start
2024-07-26 17:46:43,661 - __main__ - INFO - Program Start
2024-07-26 17:47:29,365 - __main__ - INFO - Program Start
2024-07-26 17:49:08,910 - __main__ - INFO - Program Start
2024-07-26 17:50:01,497 - __main__ - INFO - Program Start
2024-08-03 14:48:35,601 - __main__ - INFO - Program Start
2024-08-03 14:54:20,508 - __main__ - INFO - Program Start
2024-08-03 14:55:08,150 - __main__ - INFO - Program Start
2024-08-03 14:56:36,052 - __main__ - INFO - Program Start
2024-08-03 15:01:51,440 - __main__ - INFO - Program Start
2024-08-03 15:28:47,079 - __main__ - INFO - Program Start
2024-08-03 15:29:32,382 - __main__ - INFO - Workout file: mike.csv written to drive.
2024-08-03 16:29:29,530 - __main__ - INFO - Program Start
2024-08-03 16:31:02,536 - __main__ - INFO - Program Start
2024-08-03 16:31:16,340 - __main__ - INFO - Portfolio file: mike.csv read into memory.
2024-08-03 16:32:44,305 - __main__ - INFO - Program Start
2024-08-03 16:33:42,094 - __main__ - INFO - Program Start
2024-08-03 16:33:51,463 - __main__ - INFO - Portfolio file: mike.csv read into memory.
2024-08-03 16:33:58,360 - __main__ - INFO - Workout file: new written to drive.
2024-08-03 16:34:28,326 - __main__ - INFO - Workout file: new.csv written to drive.
2024-08-04 06:02:56,109 - __main__ - INFO - Program Start
2024-08-04 06:03:07,656 - __main__ - INFO - Portfolio file: mike.csv read into memory.
2024-08-04 06:06:06,324 - __main__ - INFO - Program Start
2024-08-04 06:06:12,563 - __main__ - INFO - Portfolio file: mike.csv read into memory.
2024-08-07 15:56:58,999 - project - INFO - Program Start
2024-08-07 16:21:55,006 - __main__ - INFO - Program Start
2024-08-07 16:22:07,654 - __main__ - INFO - Portfolio file: mike.csv read into memory.
2024-08-08 00:41:23,845 - __main__ - INFO - Program Start
2024-08-08 00:44:45,035 - __main__ - INFO - Program Start
2024-08-08 00:46:45,358 - __main__ - INFO - Program Start
2024-08-08 00:51:03,318 - __main__ - INFO - Program Start
2024-08-08 00:52:02,324 - __main__ - INFO - Program Start
2024-08-08 00:53:10,890 - __main__ - INFO - Program Start
2024-08-08 00:57:19,002 - __main__ - INFO - Program Start
2024-08-08 01:00:00,213 - __main__ - INFO - Program Start
2024-08-08 01:02:43,762 - __main__ - INFO - Program Start
2024-08-08 01:08:43,111 - project - INFO - Program Start
2024-08-08 01:10:30,356 - project - INFO - Program Start
2024-08-08 01:16:02,018 - project - INFO - Program Start
2024-08-08 01:17:17,723 - __main__ - INFO - Program Start
2024-08-08 01:18:51,079 - __main__ - INFO - Workout file: mike2.csv written to drive.
2024-08-08 01:47:01,400 - __main__ - INFO - Program Start
2024-08-08 01:49:38,256 - __main__ - INFO - Program Start
2024-08-08 01:50:08,684 - __main__ - INFO - Program Start
2024-08-08 01:51:08,447 - __main__ - INFO - Workout file: mike.csv written to drive.
2024-08-08 02:11:44,232 - project - INFO - Program Start
2024-08-08 02:12:58,292 - project - INFO - Program Start
2024-08-08 02:23:04,333 - __main__ - INFO - Program Start
2024-08-08 02:26:03,291 - __main__ - INFO - Program Start
2024-08-08 02:27:30,665 - project - INFO - Program Start
2024-08-08 02:28:51,739 - project - INFO - Program Start
2024-08-08 02:31:06,906 - project - INFO - Program Start
2024-08-08 02:37:27,302 - project - INFO - Program Start
2024-08-08 06:06:45,762 - __main__ - INFO - Program Start
2024-08-08 06:07:05,647 - __main__ - INFO - Program Start
2024-08-08 06:12:30,533 - __main__ - INFO - Program Start
2024-08-08 06:14:28,543 - __main__ - INFO - Program Start
2024-08-08 06:18:04,415 - __main__ - INFO - Workout file: mike.csv written to drive.
2024-08-08 06:19:36,837 - __main__ - INFO - Program Start
2024-08-08 06:21:23,636 - __main__ - INFO - Program Start
2024-08-08 06:22:14,071 - __main__ - INFO - Program Start
2024-08-08 06:22:32,277 - __main__ - INFO - Program Start
2024-08-08 06:22:47,406 - __main__ - INFO - Portfolio file: mike.csv read into memory.
2024-08-08 06:24:34,709 - __main__ - INFO - Program Start
2024-08-08 06:24:42,633 - __main__ - INFO - Portfolio file: mike.csv read into memory.
2024-08-08 06:25:19,966 - __main__ - INFO - Program Start
2024-08-08 06:25:29,120 - __main__ - INFO - Portfolio file: mike.csv read into memory.
2024-08-08 06:26:25,878 - __main__ - INFO - Program Start
2024-08-08 06:26:33,568 - __main__ - INFO - Portfolio file: mike.csv read into memory.
2024-08-08 06:28:11,987 - __main__ - INFO - Program Start
2024-08-08 06:29:45,450 - __main__ - INFO - Portfolio file: mike.csv read into memory.
2024-08-08 06:31:08,543 - __main__ - INFO - Program Start
2024-08-08 06:31:16,703 - __main__ - INFO - Portfolio file: mike.csv read into memory.
2024-08-08 07:22:50,575 - __main__ - INFO - Program Start
2024-08-08 07:23:24,022 - __main__ - INFO - Program Start
2024-08-08 07:24:37,687 - __main__ - INFO - Program Start
2024-08-08 07:28:56,897 - __main__ - INFO - Program Start
2024-08-08 07:29:35,252 - __main__ - INFO - Workout file: mike.csv written to drive.
2024-08-08 07:30:04,741 - __main__ - INFO - Program Start
2024-08-08 07:30:38,041 - __main__ - INFO - Portfolio file: mike.csv read into memory.
2024-08-08 07:33:40,254 - __main__ - INFO - Program Start
2024-08-08 07:33:47,467 - __main__ - INFO - Portfolio file: mike.csv read into memory.
2024-08-08 07:34:33,928 - __main__ - INFO - Program Start
2024-08-08 07:34:40,521 - __main__ - INFO - Portfolio file: mike.csv read into memory.
2024-08-08 07:35:04,657 - __main__ - INFO - Workout file: mike2.csv written to drive.
2024-08-08 07:35:29,601 - __main__ - INFO - Program Start
2024-08-08 07:35:37,527 - __main__ - INFO - Portfolio file: mike2.csv read into memory.
2024-08-09 13:37:23,043 - project - INFO - Program Start
2024-08-09 13:48:39,387 - __main__ - INFO - Program Start
2024-08-09 13:49:25,533 - __main__ - INFO - Portfolio file: mike.csv read into memory.
2024-08-09 13:50:17,949 - __main__ - INFO - Workout file: sample_file.csv written to drive.
2024-08-09 13:51:17,851 - project - INFO - Program Start
2024-08-09 13:51:17,854 - project - INFO - Portfolio file: sample_file.csv read into memory.
2024-08-09 13:53:03,708 - project - INFO - Program Start
2024-08-09 13:53:03,711 - project - INFO - Portfolio file: sample_file.csv read into memory.
2024-08-09 13:53:11,384 - __main__ - INFO - Program Start
2024-08-09 13:53:27,469 - __main__ - INFO - Portfolio file: sample_file.csv read into memory.
2024-08-09 14:00:07,393 - __main__ - INFO - Program Start
2024-08-09 14:02:23,790 - __main__ - INFO - Workout file: sample2.csv written to drive.
